2025-12-02 07:25:12,042 INFO o.a.j.u.JMeterUtils: Setting Locale to en_EN
2025-12-02 07:25:12,057 INFO o.a.j.JMeter: Loading user properties from: C:\Tools\apache-jmeter-5.6.3\apache-jmeter-5.6.3\bin\user.properties
2025-12-02 07:25:12,057 INFO o.a.j.JMeter: Loading system properties from: C:\Tools\apache-jmeter-5.6.3\apache-jmeter-5.6.3\bin\system.properties
2025-12-02 07:25:12,062 INFO o.a.j.JMeter: Copyright (c) 1998-2024 The Apache Software Foundation
2025-12-02 07:25:12,062 INFO o.a.j.JMeter: Version 5.6.3
2025-12-02 07:25:12,062 INFO o.a.j.JMeter: java.version=17.0.17
2025-12-02 07:25:12,062 INFO o.a.j.JMeter: java.vm.name=OpenJDK 64-Bit Server VM
2025-12-02 07:25:12,062 INFO o.a.j.JMeter: os.name=Windows 11
2025-12-02 07:25:12,063 INFO o.a.j.JMeter: os.arch=amd64
2025-12-02 07:25:12,063 INFO o.a.j.JMeter: os.version=10.0
2025-12-02 07:25:12,063 INFO o.a.j.JMeter: file.encoding=Cp1252
2025-12-02 07:25:12,063 INFO o.a.j.JMeter: java.awt.headless=true
2025-12-02 07:25:12,063 INFO o.a.j.JMeter: Max memory     =1073741824
2025-12-02 07:25:12,063 INFO o.a.j.JMeter: Available Processors =12
2025-12-02 07:25:12,071 INFO o.a.j.JMeter: Default Locale=English (EN)
2025-12-02 07:25:12,071 INFO o.a.j.JMeter: JMeter  Locale=English (EN)
2025-12-02 07:25:12,071 INFO o.a.j.JMeter: JMeterHome=C:\Tools\apache-jmeter-5.6.3\apache-jmeter-5.6.3
2025-12-02 07:25:12,071 INFO o.a.j.JMeter: user.dir  =C:\Users\Hp\Downloads
2025-12-02 07:25:12,071 INFO o.a.j.JMeter: PWD       =C:\Users\Hp\Downloads
2025-12-02 07:25:12,072 INFO o.a.j.JMeter: IP: 172.18.143.149 Name: DESKTOP-U2KN9DC FullName: DESKTOP-U2KN9DC
2025-12-02 07:25:12,084 INFO o.a.j.JMeter: Setting property 'jmeter.reportgenerator.outputdir' to:'C:\Users\Hp\Downloads\report100'
2025-12-02 07:25:12,086 INFO o.a.j.s.FileServer: Default base='C:\Users\Hp\Downloads'
2025-12-02 07:25:12,087 INFO o.a.j.s.FileServer: Set new base='C:\Users\Hp\Downloads'
2025-12-02 07:25:12,234 INFO o.a.j.s.SaveService: Testplan (JMX) version: 2.2. Testlog (JTL) version: 2.2
2025-12-02 07:25:12,255 INFO o.a.j.s.SaveService: Using SaveService properties version 5.0
2025-12-02 07:25:12,256 INFO o.a.j.s.SaveService: Using SaveService properties file encoding UTF-8
2025-12-02 07:25:12,259 INFO o.a.j.s.SaveService: Loading file: working_plan.jmx
2025-12-02 07:25:12,301 INFO o.a.j.p.h.s.HTTPSamplerBase: Parser for text/html is org.apache.jmeter.protocol.http.parser.LagartoBasedHtmlParser
2025-12-02 07:25:12,301 INFO o.a.j.p.h.s.HTTPSamplerBase: Parser for application/xhtml+xml is org.apache.jmeter.protocol.http.parser.LagartoBasedHtmlParser
2025-12-02 07:25:12,301 INFO o.a.j.p.h.s.HTTPSamplerBase: Parser for application/xml is org.apache.jmeter.protocol.http.parser.LagartoBasedHtmlParser
2025-12-02 07:25:12,301 INFO o.a.j.p.h.s.HTTPSamplerBase: Parser for text/xml is org.apache.jmeter.protocol.http.parser.LagartoBasedHtmlParser
2025-12-02 07:25:12,301 INFO o.a.j.p.h.s.HTTPSamplerBase: Parser for text/vnd.wap.wml is org.apache.jmeter.protocol.http.parser.RegexpHTMLParser
2025-12-02 07:25:12,301 INFO o.a.j.p.h.s.HTTPSamplerBase: Parser for text/css is org.apache.jmeter.protocol.http.parser.CssParser
2025-12-02 07:25:12,312 INFO o.a.j.JMeter: Creating summariser <summary>
2025-12-02 07:25:12,321 INFO o.a.j.r.d.ReportGenerator: ReportGenerator will use for Parsing the separator: ','
2025-12-02 07:25:12,322 INFO o.a.j.r.d.ReportGenerator: Will generate report at end of test from  results file: results100.jtl
2025-12-02 07:25:12,322 INFO o.a.j.r.d.ReportGenerator: Reading report generator properties from: C:\Tools\apache-jmeter-5.6.3\apache-jmeter-5.6.3\bin\reportgenerator.properties
2025-12-02 07:25:12,322 INFO o.a.j.r.d.ReportGenerator: Merging with JMeter properties
2025-12-02 07:25:12,326 INFO o.a.j.r.c.ReportGeneratorConfiguration: Property 'jmeter.reportgenerator.temp_dir' not found, using default value 'temp' instead.
2025-12-02 07:25:12,328 INFO o.a.j.r.c.ReportGeneratorConfiguration: Property 'jmeter.reportgenerator.apdex_per_transaction' not found, using default value 'null' instead.
2025-12-02 07:25:12,328 INFO o.a.j.r.c.ReportGeneratorConfiguration: apdex_per_transaction is empty, not APDEX per transaction customization
2025-12-02 07:25:12,328 INFO o.a.j.r.c.ReportGeneratorConfiguration: Property 'jmeter.reportgenerator.sample_filter' not found, using default value 'null' instead.
2025-12-02 07:25:12,328 INFO o.a.j.r.c.ReportGeneratorConfiguration: Property 'jmeter.reportgenerator.report_title' not found, using default value 'null' instead.
2025-12-02 07:25:12,328 INFO o.a.j.r.c.ReportGeneratorConfiguration: Property 'jmeter.reportgenerator.start_date' not found, using default value 'null' instead.
2025-12-02 07:25:12,328 INFO o.a.j.r.c.ReportGeneratorConfiguration: Property 'jmeter.reportgenerator.end_date' not found, using default value 'null' instead.
2025-12-02 07:25:12,328 INFO o.a.j.r.c.ReportGeneratorConfiguration: Property 'jmeter.reportgenerator.date_format' not found, using default value 'null' instead.
2025-12-02 07:25:12,329 INFO o.a.j.r.c.ReportGeneratorConfiguration: Will use date range start date: null, end date: null
2025-12-02 07:25:12,333 INFO o.a.j.r.c.ReportGeneratorConfiguration: Property 'jmeter.reportgenerator.graph.totalTPS.exclude_controllers' not found, using default value 'false' instead.
2025-12-02 07:25:12,333 INFO o.a.j.r.c.ReportGeneratorConfiguration: Property 'jmeter.reportgenerator.graph.activeThreadsOverTime.exclude_controllers' not found, using default value 'false' instead.
2025-12-02 07:25:12,333 INFO o.a.j.r.c.ReportGeneratorConfiguration: Property 'jmeter.reportgenerator.graph.timeVsThreads.exclude_controllers' not found, using default value 'false' instead.
2025-12-02 07:25:12,333 INFO o.a.j.r.c.ReportGeneratorConfiguration: Property 'jmeter.reportgenerator.graph.responseTimeDistribution.exclude_controllers' not found, using default value 'false' instead.
2025-12-02 07:25:12,333 INFO o.a.j.r.c.ReportGeneratorConfiguration: Property 'jmeter.reportgenerator.graph.transactionsPerSecond.exclude_controllers' not found, using default value 'false' instead.
2025-12-02 07:25:12,333 INFO o.a.j.r.c.ReportGeneratorConfiguration: Property 'jmeter.reportgenerator.graph.responseTimePercentiles.exclude_controllers' not found, using default value 'false' instead.
2025-12-02 07:25:12,333 INFO o.a.j.r.c.ReportGeneratorConfiguration: Property 'jmeter.reportgenerator.graph.responseTimePercentilesOverTime.exclude_controllers' not found, using default value 'false' instead.
2025-12-02 07:25:12,334 INFO o.a.j.r.c.ReportGeneratorConfiguration: Property 'jmeter.reportgenerator.graph.responseTimesOverTime.exclude_controllers' not found, using default value 'false' instead.
2025-12-02 07:25:12,334 INFO o.a.j.r.c.ReportGeneratorConfiguration: Property 'jmeter.reportgenerator.graph.connectTimeOverTime.exclude_controllers' not found, using default value 'false' instead.
2025-12-02 07:25:12,334 INFO o.a.j.r.c.ReportGeneratorConfiguration: Property 'jmeter.reportgenerator.graph.latenciesOverTime.exclude_controllers' not found, using default value 'false' instead.
2025-12-02 07:25:12,334 INFO o.a.j.r.c.ReportGeneratorConfiguration: Property 'jmeter.reportgenerator.exporter.json.filters_only_sample_series' not found, using default value 'true' instead.
2025-12-02 07:25:12,335 INFO o.a.j.r.c.ReportGeneratorConfiguration: Property 'jmeter.reportgenerator.exporter.json.series_filter' not found, using default value '' instead.
2025-12-02 07:25:12,335 INFO o.a.j.r.c.ReportGeneratorConfiguration: Property 'jmeter.reportgenerator.exporter.json.show_controllers_only' not found, using default value 'false' instead.
2025-12-02 07:25:12,335 INFO o.a.j.r.c.ReportGeneratorConfiguration: Property 'jmeter.reportgenerator.exporter.html.filters_only_sample_series' not found, using default value 'true' instead.
2025-12-02 07:25:12,335 INFO o.a.j.r.c.ReportGeneratorConfiguration: Property 'jmeter.reportgenerator.exporter.html.series_filter' not found, using default value '' instead.
2025-12-02 07:25:12,335 INFO o.a.j.r.c.ReportGeneratorConfiguration: Property 'jmeter.reportgenerator.exporter.html.show_controllers_only' not found, using default value 'false' instead.
2025-12-02 07:25:12,345 INFO o.a.j.e.StandardJMeterEngine: Running the test!
2025-12-02 07:25:12,346 INFO o.a.j.s.SampleEvent: List of sample_variables: []
2025-12-02 07:25:12,346 INFO o.a.j.s.SampleEvent: List of sample_variables: []
2025-12-02 07:25:12,350 INFO o.a.j.e.u.CompoundVariable: Note: Function class names must contain the string: '.functions.'
2025-12-02 07:25:12,351 INFO o.a.j.e.u.CompoundVariable: Note: Function class names must not contain the string: '.gui.'
2025-12-02 07:25:12,413 INFO o.a.j.JMeter: Running test (1764640512413)
2025-12-02 07:25:12,430 INFO o.a.j.e.StandardJMeterEngine: Starting ThreadGroup: 1 : 20 Users
2025-12-02 07:25:12,430 INFO o.a.j.e.StandardJMeterEngine: Starting 20 threads for group 20 Users.
2025-12-02 07:25:12,430 INFO o.a.j.e.StandardJMeterEngine: Thread will continue on error
2025-12-02 07:25:12,430 INFO o.a.j.t.ThreadGroup: Starting thread group... number=1 threads=20 ramp-up=10 delayedStart=false
2025-12-02 07:25:12,437 INFO o.a.j.t.JMeterThread: Thread started: 20 Users 1-1
2025-12-02 07:25:12,441 INFO o.a.j.t.ThreadGroup: Started thread group number 1
2025-12-02 07:25:12,441 INFO o.a.j.e.StandardJMeterEngine: Starting ThreadGroup: 2 : 50 Users
2025-12-02 07:25:12,441 INFO o.a.j.e.StandardJMeterEngine: Starting 50 threads for group 50 Users.
2025-12-02 07:25:12,441 INFO o.a.j.e.StandardJMeterEngine: Thread will continue on error
2025-12-02 07:25:12,441 INFO o.a.j.t.ThreadGroup: Starting thread group... number=2 threads=50 ramp-up=10 delayedStart=false
2025-12-02 07:25:12,441 INFO o.a.j.t.JMeterThread: Thread started: 50 Users 2-1
2025-12-02 07:25:12,454 INFO o.a.j.t.ThreadGroup: Started thread group number 2
2025-12-02 07:25:12,456 INFO o.a.j.e.StandardJMeterEngine: Starting ThreadGroup: 3 : 100 Users
2025-12-02 07:25:12,456 INFO o.a.j.e.StandardJMeterEngine: Starting 100 threads for group 100 Users.
2025-12-02 07:25:12,456 INFO o.a.j.e.StandardJMeterEngine: Thread will continue on error
2025-12-02 07:25:12,456 INFO o.a.j.t.ThreadGroup: Starting thread group... number=3 threads=100 ramp-up=10 delayedStart=false
2025-12-02 07:25:12,456 INFO o.a.j.p.h.s.HTTPHCAbstractImpl: Local host = DESKTOP-U2KN9DC
2025-12-02 07:25:12,456 INFO o.a.j.t.JMeterThread: Thread started: 100 Users 3-1
2025-12-02 07:25:12,463 INFO o.a.j.p.h.s.HTTPHC4Impl: HTTP request retry count = 0
2025-12-02 07:25:12,464 INFO o.a.j.s.SampleResult: Note: Sample TimeStamps are START times
2025-12-02 07:25:12,465 INFO o.a.j.s.SampleResult: sampleresult.default.encoding is set to UTF-8
2025-12-02 07:25:12,465 INFO o.a.j.s.SampleResult: sampleresult.useNanoTime=true
2025-12-02 07:25:12,465 INFO o.a.j.s.SampleResult: sampleresult.nanoThreadSleep=5000
2025-12-02 07:25:12,482 INFO o.a.j.t.ThreadGroup: Started thread group number 3
2025-12-02 07:25:12,482 INFO o.a.j.e.StandardJMeterEngine: All thread groups have been started
2025-12-02 07:25:12,557 INFO o.a.j.t.JMeterThread: Thread started: 100 Users 3-2
2025-12-02 07:25:12,588 INFO o.a.j.t.JMeterThread: Thread is done: 50 Users 2-1
2025-12-02 07:25:12,588 INFO o.a.j.t.JMeterThread: Thread is done: 100 Users 3-2
2025-12-02 07:25:12,589 INFO o.a.j.t.JMeterThread: Thread finished: 50 Users 2-1
2025-12-02 07:25:12,589 INFO o.a.j.t.JMeterThread: Thread finished: 100 Users 3-2
2025-12-02 07:25:12,589 INFO o.a.j.t.JMeterThread: Thread is done: 100 Users 3-1
2025-12-02 07:25:12,589 INFO o.a.j.t.JMeterThread: Thread finished: 100 Users 3-1
2025-12-02 07:25:12,592 INFO o.a.j.t.JMeterThread: Thread is done: 20 Users 1-1
2025-12-02 07:25:12,593 INFO o.a.j.t.JMeterThread: Thread finished: 20 Users 1-1
2025-12-02 07:25:12,643 INFO o.a.j.t.JMeterThread: Thread started: 50 Users 2-2
2025-12-02 07:25:12,658 INFO o.a.j.t.JMeterThread: Thread started: 100 Users 3-3
2025-12-02 07:25:12,658 INFO o.a.j.t.JMeterThread: Thread is done: 50 Users 2-2
2025-12-02 07:25:12,658 INFO o.a.j.t.JMeterThread: Thread finished: 50 Users 2-2
2025-12-02 07:25:12,674 INFO o.a.j.t.JMeterThread: Thread is done: 100 Users 3-3
2025-12-02 07:25:12,674 INFO o.a.j.t.JMeterThread: Thread finished: 100 Users 3-3
2025-12-02 07:25:12,760 INFO o.a.j.t.JMeterThread: Thread started: 100 Users 3-4
2025-12-02 07:25:12,777 INFO o.a.j.t.JMeterThread: Thread is done: 100 Users 3-4
2025-12-02 07:25:12,777 INFO o.a.j.t.JMeterThread: Thread finished: 100 Users 3-4
2025-12-02 07:25:12,843 INFO o.a.j.t.JMeterThread: Thread started: 50 Users 2-3
2025-12-02 07:25:12,859 INFO o.a.j.t.JMeterThread: Thread is done: 50 Users 2-3
2025-12-02 07:25:12,859 INFO o.a.j.t.JMeterThread: Thread finished: 50 Users 2-3
2025-12-02 07:25:12,861 INFO o.a.j.t.JMeterThread: Thread started: 100 Users 3-5
2025-12-02 07:25:12,877 INFO o.a.j.t.JMeterThread: Thread is done: 100 Users 3-5
2025-12-02 07:25:12,877 INFO o.a.j.t.JMeterThread: Thread finished: 100 Users 3-5
2025-12-02 07:25:12,934 INFO o.a.j.t.JMeterThread: Thread started: 20 Users 1-2
2025-12-02 07:25:12,953 INFO o.a.j.t.JMeterThread: Thread is done: 20 Users 1-2
2025-12-02 07:25:12,953 INFO o.a.j.t.JMeterThread: Thread finished: 20 Users 1-2
2025-12-02 07:25:12,958 INFO o.a.j.t.JMeterThread: Thread started: 100 Users 3-6
2025-12-02 07:25:12,975 INFO o.a.j.t.JMeterThread: Thread is done: 100 Users 3-6
2025-12-02 07:25:12,975 INFO o.a.j.t.JMeterThread: Thread finished: 100 Users 3-6
2025-12-02 07:25:13,044 INFO o.a.j.t.JMeterThread: Thread started: 50 Users 2-4
2025-12-02 07:25:13,059 INFO o.a.j.t.JMeterThread: Thread started: 100 Users 3-7
2025-12-02 07:25:13,063 INFO o.a.j.t.JMeterThread: Thread is done: 50 Users 2-4
2025-12-02 07:25:13,063 INFO o.a.j.t.JMeterThread: Thread finished: 50 Users 2-4
2025-12-02 07:25:13,076 INFO o.a.j.t.JMeterThread: Thread is done: 100 Users 3-7
2025-12-02 07:25:13,077 INFO o.a.j.t.JMeterThread: Thread finished: 100 Users 3-7
2025-12-02 07:25:13,158 INFO o.a.j.t.JMeterThread: Thread started: 100 Users 3-8
2025-12-02 07:25:13,175 INFO o.a.j.t.JMeterThread: Thread is done: 100 Users 3-8
2025-12-02 07:25:13,175 INFO o.a.j.t.JMeterThread: Thread finished: 100 Users 3-8
2025-12-02 07:25:13,245 INFO o.a.j.t.JMeterThread: Thread started: 50 Users 2-5
2025-12-02 07:25:13,258 INFO o.a.j.t.JMeterThread: Thread started: 100 Users 3-9
2025-12-02 07:25:13,262 INFO o.a.j.t.JMeterThread: Thread is done: 50 Users 2-5
2025-12-02 07:25:13,262 INFO o.a.j.t.JMeterThread: Thread finished: 50 Users 2-5
2025-12-02 07:25:13,272 INFO o.a.j.t.JMeterThread: Thread is done: 100 Users 3-9
2025-12-02 07:25:13,272 INFO o.a.j.t.JMeterThread: Thread finished: 100 Users 3-9
2025-12-02 07:25:13,358 INFO o.a.j.t.JMeterThread: Thread started: 100 Users 3-10
2025-12-02 07:25:13,374 INFO o.a.j.t.JMeterThread: Thread is done: 100 Users 3-10
2025-12-02 07:25:13,374 INFO o.a.j.t.JMeterThread: Thread finished: 100 Users 3-10
2025-12-02 07:25:13,432 INFO o.a.j.t.JMeterThread: Thread started: 20 Users 1-3
2025-12-02 07:25:13,443 INFO o.a.j.t.JMeterThread: Thread started: 50 Users 2-6
2025-12-02 07:25:13,450 INFO o.a.j.t.JMeterThread: Thread is done: 20 Users 1-3
2025-12-02 07:25:13,452 INFO o.a.j.t.JMeterThread: Thread finished: 20 Users 1-3
2025-12-02 07:25:13,458 INFO o.a.j.t.JMeterThread: Thread started: 100 Users 3-11
2025-12-02 07:25:13,460 INFO o.a.j.t.JMeterThread: Thread is done: 50 Users 2-6
2025-12-02 07:25:13,460 INFO o.a.j.t.JMeterThread: Thread finished: 50 Users 2-6
2025-12-02 07:25:13,475 INFO o.a.j.t.JMeterThread: Thread is done: 100 Users 3-11
2025-12-02 07:25:13,475 INFO o.a.j.t.JMeterThread: Thread finished: 100 Users 3-11
2025-12-02 07:25:13,557 INFO o.a.j.t.JMeterThread: Thread started: 100 Users 3-12
2025-12-02 07:25:13,574 INFO o.a.j.t.JMeterThread: Thread is done: 100 Users 3-12
2025-12-02 07:25:13,574 INFO o.a.j.t.JMeterThread: Thread finished: 100 Users 3-12
2025-12-02 07:25:13,645 INFO o.a.j.t.JMeterThread: Thread started: 50 Users 2-7
2025-12-02 07:25:13,657 INFO o.a.j.t.JMeterThread: Thread started: 100 Users 3-13
2025-12-02 07:25:13,662 INFO o.a.j.t.JMeterThread: Thread is done: 50 Users 2-7
2025-12-02 07:25:13,662 INFO o.a.j.t.JMeterThread: Thread finished: 50 Users 2-7
2025-12-02 07:25:13,672 INFO o.a.j.t.JMeterThread: Thread is done: 100 Users 3-13
2025-12-02 07:25:13,672 INFO o.a.j.t.JMeterThread: Thread finished: 100 Users 3-13
2025-12-02 07:25:13,756 INFO o.a.j.t.JMeterThread: Thread started: 100 Users 3-14
2025-12-02 07:25:13,772 INFO o.a.j.t.JMeterThread: Thread is done: 100 Users 3-14
2025-12-02 07:25:13,773 INFO o.a.j.t.JMeterThread: Thread finished: 100 Users 3-14
2025-12-02 07:25:13,842 INFO o.a.j.t.JMeterThread: Thread started: 50 Users 2-8
2025-12-02 07:25:13,856 INFO o.a.j.t.JMeterThread: Thread started: 100 Users 3-15
2025-12-02 07:25:13,857 INFO o.a.j.t.JMeterThread: Thread is done: 50 Users 2-8
2025-12-02 07:25:13,857 INFO o.a.j.t.JMeterThread: Thread finished: 50 Users 2-8
2025-12-02 07:25:13,870 INFO o.a.j.t.JMeterThread: Thread is done: 100 Users 3-15
2025-12-02 07:25:13,870 INFO o.a.j.t.JMeterThread: Thread finished: 100 Users 3-15
2025-12-02 07:25:13,933 INFO o.a.j.t.JMeterThread: Thread started: 20 Users 1-4
2025-12-02 07:25:13,948 INFO o.a.j.t.JMeterThread: Thread is done: 20 Users 1-4
2025-12-02 07:25:13,948 INFO o.a.j.t.JMeterThread: Thread finished: 20 Users 1-4
2025-12-02 07:25:13,956 INFO o.a.j.t.JMeterThread: Thread started: 100 Users 3-16
2025-12-02 07:25:13,970 INFO o.a.j.t.JMeterThread: Thread is done: 100 Users 3-16
2025-12-02 07:25:13,970 INFO o.a.j.t.JMeterThread: Thread finished: 100 Users 3-16
2025-12-02 07:25:14,042 INFO o.a.j.t.JMeterThread: Thread started: 50 Users 2-9
2025-12-02 07:25:14,058 INFO o.a.j.t.JMeterThread: Thread started: 100 Users 3-17
2025-12-02 07:25:14,058 INFO o.a.j.t.JMeterThread: Thread is done: 50 Users 2-9
2025-12-02 07:25:14,058 INFO o.a.j.t.JMeterThread: Thread finished: 50 Users 2-9
2025-12-02 07:25:14,071 INFO o.a.j.t.JMeterThread: Thread is done: 100 Users 3-17
2025-12-02 07:25:14,071 INFO o.a.j.t.JMeterThread: Thread finished: 100 Users 3-17
2025-12-02 07:25:14,158 INFO o.a.j.t.JMeterThread: Thread started: 100 Users 3-18
2025-12-02 07:25:14,174 INFO o.a.j.t.JMeterThread: Thread is done: 100 Users 3-18
2025-12-02 07:25:14,174 INFO o.a.j.t.JMeterThread: Thread finished: 100 Users 3-18
2025-12-02 07:25:14,241 INFO o.a.j.t.JMeterThread: Thread started: 50 Users 2-10
2025-12-02 07:25:14,257 INFO o.a.j.t.JMeterThread: Thread started: 100 Users 3-19
2025-12-02 07:25:14,257 INFO o.a.j.t.JMeterThread: Thread is done: 50 Users 2-10
2025-12-02 07:25:14,257 INFO o.a.j.t.JMeterThread: Thread finished: 50 Users 2-10
2025-12-02 07:25:14,270 INFO o.a.j.t.JMeterThread: Thread is done: 100 Users 3-19
2025-12-02 07:25:14,270 INFO o.a.j.t.JMeterThread: Thread finished: 100 Users 3-19
2025-12-02 07:25:14,357 INFO o.a.j.t.JMeterThread: Thread started: 100 Users 3-20
2025-12-02 07:25:14,374 INFO o.a.j.t.JMeterThread: Thread is done: 100 Users 3-20
2025-12-02 07:25:14,374 INFO o.a.j.t.JMeterThread: Thread finished: 100 Users 3-20
2025-12-02 07:25:14,432 INFO o.a.j.t.JMeterThread: Thread started: 20 Users 1-5
2025-12-02 07:25:14,442 INFO o.a.j.t.JMeterThread: Thread started: 50 Users 2-11
2025-12-02 07:25:14,448 INFO o.a.j.t.JMeterThread: Thread is done: 20 Users 1-5
2025-12-02 07:25:14,448 INFO o.a.j.t.JMeterThread: Thread finished: 20 Users 1-5
2025-12-02 07:25:14,457 INFO o.a.j.t.JMeterThread: Thread is done: 50 Users 2-11
2025-12-02 07:25:14,457 INFO o.a.j.t.JMeterThread: Thread started: 100 Users 3-21
2025-12-02 07:25:14,457 INFO o.a.j.t.JMeterThread: Thread finished: 50 Users 2-11
2025-12-02 07:25:14,470 INFO o.a.j.t.JMeterThread: Thread is done: 100 Users 3-21
2025-12-02 07:25:14,470 INFO o.a.j.t.JMeterThread: Thread finished: 100 Users 3-21
2025-12-02 07:25:14,556 INFO o.a.j.t.JMeterThread: Thread started: 100 Users 3-22
2025-12-02 07:25:14,574 INFO o.a.j.t.JMeterThread: Thread is done: 100 Users 3-22
2025-12-02 07:25:14,574 INFO o.a.j.t.JMeterThread: Thread finished: 100 Users 3-22
2025-12-02 07:25:14,643 INFO o.a.j.t.JMeterThread: Thread started: 50 Users 2-12
2025-12-02 07:25:14,656 INFO o.a.j.t.JMeterThread: Thread started: 100 Users 3-23
2025-12-02 07:25:14,658 INFO o.a.j.t.JMeterThread: Thread is done: 50 Users 2-12
2025-12-02 07:25:14,658 INFO o.a.j.t.JMeterThread: Thread finished: 50 Users 2-12
2025-12-02 07:25:14,670 INFO o.a.j.t.JMeterThread: Thread is done: 100 Users 3-23
2025-12-02 07:25:14,670 INFO o.a.j.t.JMeterThread: Thread finished: 100 Users 3-23
2025-12-02 07:25:14,756 INFO o.a.j.t.JMeterThread: Thread started: 100 Users 3-24
2025-12-02 07:25:14,771 INFO o.a.j.t.JMeterThread: Thread is done: 100 Users 3-24
2025-12-02 07:25:14,771 INFO o.a.j.t.JMeterThread: Thread finished: 100 Users 3-24
2025-12-02 07:25:14,841 INFO o.a.j.t.JMeterThread: Thread started: 50 Users 2-13
2025-12-02 07:25:14,856 INFO o.a.j.t.JMeterThread: Thread is done: 50 Users 2-13
2025-12-02 07:25:14,856 INFO o.a.j.t.JMeterThread: Thread finished: 50 Users 2-13
2025-12-02 07:25:14,858 INFO o.a.j.t.JMeterThread: Thread started: 100 Users 3-25
2025-12-02 07:25:14,873 INFO o.a.j.t.JMeterThread: Thread is done: 100 Users 3-25
2025-12-02 07:25:14,873 INFO o.a.j.t.JMeterThread: Thread finished: 100 Users 3-25
2025-12-02 07:25:14,932 INFO o.a.j.t.JMeterThread: Thread started: 20 Users 1-6
2025-12-02 07:25:14,949 INFO o.a.j.t.JMeterThread: Thread is done: 20 Users 1-6
2025-12-02 07:25:14,949 INFO o.a.j.t.JMeterThread: Thread finished: 20 Users 1-6
2025-12-02 07:25:14,957 INFO o.a.j.t.JMeterThread: Thread started: 100 Users 3-26
2025-12-02 07:25:14,972 INFO o.a.j.t.JMeterThread: Thread is done: 100 Users 3-26
2025-12-02 07:25:14,972 INFO o.a.j.t.JMeterThread: Thread finished: 100 Users 3-26
2025-12-02 07:25:15,041 INFO o.a.j.t.JMeterThread: Thread started: 50 Users 2-14
2025-12-02 07:25:15,057 INFO o.a.j.t.JMeterThread: Thread started: 100 Users 3-27
2025-12-02 07:25:15,058 INFO o.a.j.t.JMeterThread: Thread is done: 50 Users 2-14
2025-12-02 07:25:15,058 INFO o.a.j.t.JMeterThread: Thread finished: 50 Users 2-14
2025-12-02 07:25:15,073 INFO o.a.j.t.JMeterThread: Thread is done: 100 Users 3-27
2025-12-02 07:25:15,073 INFO o.a.j.t.JMeterThread: Thread finished: 100 Users 3-27
2025-12-02 07:25:15,156 INFO o.a.j.t.JMeterThread: Thread started: 100 Users 3-28
2025-12-02 07:25:15,173 INFO o.a.j.t.JMeterThread: Thread is done: 100 Users 3-28
2025-12-02 07:25:15,173 INFO o.a.j.t.JMeterThread: Thread finished: 100 Users 3-28
2025-12-02 07:25:15,241 INFO o.a.j.t.JMeterThread: Thread started: 50 Users 2-15
2025-12-02 07:25:15,256 INFO o.a.j.t.JMeterThread: Thread started: 100 Users 3-29
2025-12-02 07:25:15,258 INFO o.a.j.t.JMeterThread: Thread is done: 50 Users 2-15
2025-12-02 07:25:15,259 INFO o.a.j.t.JMeterThread: Thread finished: 50 Users 2-15
2025-12-02 07:25:15,273 INFO o.a.j.t.JMeterThread: Thread is done: 100 Users 3-29
2025-12-02 07:25:15,273 INFO o.a.j.t.JMeterThread: Thread finished: 100 Users 3-29
2025-12-02 07:25:15,356 INFO o.a.j.t.JMeterThread: Thread started: 100 Users 3-30
2025-12-02 07:25:15,372 INFO o.a.j.t.JMeterThread: Thread is done: 100 Users 3-30
2025-12-02 07:25:15,372 INFO o.a.j.t.JMeterThread: Thread finished: 100 Users 3-30
2025-12-02 07:25:15,431 INFO o.a.j.t.JMeterThread: Thread started: 20 Users 1-7
2025-12-02 07:25:15,441 INFO o.a.j.t.JMeterThread: Thread started: 50 Users 2-16
2025-12-02 07:25:15,447 INFO o.a.j.t.JMeterThread: Thread is done: 20 Users 1-7
2025-12-02 07:25:15,447 INFO o.a.j.t.JMeterThread: Thread finished: 20 Users 1-7
2025-12-02 07:25:15,457 INFO o.a.j.t.JMeterThread: Thread is done: 50 Users 2-16
2025-12-02 07:25:15,457 INFO o.a.j.t.JMeterThread: Thread finished: 50 Users 2-16
2025-12-02 07:25:15,459 INFO o.a.j.t.JMeterThread: Thread started: 100 Users 3-31
2025-12-02 07:25:15,472 INFO o.a.j.t.JMeterThread: Thread is done: 100 Users 3-31
2025-12-02 07:25:15,472 INFO o.a.j.t.JMeterThread: Thread finished: 100 Users 3-31
2025-12-02 07:25:15,559 INFO o.a.j.t.JMeterThread: Thread started: 100 Users 3-32
2025-12-02 07:25:15,575 INFO o.a.j.t.JMeterThread: Thread is done: 100 Users 3-32
2025-12-02 07:25:15,575 INFO o.a.j.t.JMeterThread: Thread finished: 100 Users 3-32
2025-12-02 07:25:15,643 INFO o.a.j.t.JMeterThread: Thread started: 50 Users 2-17
2025-12-02 07:25:15,658 INFO o.a.j.t.JMeterThread: Thread started: 100 Users 3-33
2025-12-02 07:25:15,660 INFO o.a.j.t.JMeterThread: Thread is done: 50 Users 2-17
2025-12-02 07:25:15,660 INFO o.a.j.t.JMeterThread: Thread finished: 50 Users 2-17
2025-12-02 07:25:15,674 INFO o.a.j.t.JMeterThread: Thread is done: 100 Users 3-33
2025-12-02 07:25:15,674 INFO o.a.j.t.JMeterThread: Thread finished: 100 Users 3-33
2025-12-02 07:25:15,756 INFO o.a.j.t.JMeterThread: Thread started: 100 Users 3-34
2025-12-02 07:25:15,772 INFO o.a.j.t.JMeterThread: Thread is done: 100 Users 3-34
2025-12-02 07:25:15,772 INFO o.a.j.t.JMeterThread: Thread finished: 100 Users 3-34
2025-12-02 07:25:15,841 INFO o.a.j.t.JMeterThread: Thread started: 50 Users 2-18
2025-12-02 07:25:15,857 INFO o.a.j.t.JMeterThread: Thread started: 100 Users 3-35
2025-12-02 07:25:15,858 INFO o.a.j.t.JMeterThread: Thread is done: 50 Users 2-18
2025-12-02 07:25:15,858 INFO o.a.j.t.JMeterThread: Thread finished: 50 Users 2-18
2025-12-02 07:25:15,872 INFO o.a.j.t.JMeterThread: Thread is done: 100 Users 3-35
2025-12-02 07:25:15,872 INFO o.a.j.t.JMeterThread: Thread finished: 100 Users 3-35
2025-12-02 07:25:15,931 INFO o.a.j.t.JMeterThread: Thread started: 20 Users 1-8
2025-12-02 07:25:15,949 INFO o.a.j.t.JMeterThread: Thread is done: 20 Users 1-8
2025-12-02 07:25:15,949 INFO o.a.j.t.JMeterThread: Thread finished: 20 Users 1-8
2025-12-02 07:25:15,958 INFO o.a.j.t.JMeterThread: Thread started: 100 Users 3-36
2025-12-02 07:25:15,971 INFO o.a.j.t.JMeterThread: Thread is done: 100 Users 3-36
2025-12-02 07:25:15,971 INFO o.a.j.t.JMeterThread: Thread finished: 100 Users 3-36
2025-12-02 07:25:16,041 INFO o.a.j.t.JMeterThread: Thread started: 50 Users 2-19
2025-12-02 07:25:16,056 INFO o.a.j.t.JMeterThread: Thread is done: 50 Users 2-19
2025-12-02 07:25:16,056 INFO o.a.j.t.JMeterThread: Thread finished: 50 Users 2-19
2025-12-02 07:25:16,057 INFO o.a.j.t.JMeterThread: Thread started: 100 Users 3-37
2025-12-02 07:25:16,073 INFO o.a.j.t.JMeterThread: Thread is done: 100 Users 3-37
2025-12-02 07:25:16,074 INFO o.a.j.t.JMeterThread: Thread finished: 100 Users 3-37
2025-12-02 07:25:16,158 INFO o.a.j.t.JMeterThread: Thread started: 100 Users 3-38
2025-12-02 07:25:16,172 INFO o.a.j.t.JMeterThread: Thread is done: 100 Users 3-38
2025-12-02 07:25:16,173 INFO o.a.j.t.JMeterThread: Thread finished: 100 Users 3-38
2025-12-02 07:25:16,242 INFO o.a.j.t.JMeterThread: Thread started: 50 Users 2-20
2025-12-02 07:25:16,256 INFO o.a.j.t.JMeterThread: Thread started: 100 Users 3-39
2025-12-02 07:25:16,257 INFO o.a.j.t.JMeterThread: Thread is done: 50 Users 2-20
2025-12-02 07:25:16,257 INFO o.a.j.t.JMeterThread: Thread finished: 50 Users 2-20
2025-12-02 07:25:16,271 INFO o.a.j.t.JMeterThread: Thread is done: 100 Users 3-39
2025-12-02 07:25:16,271 INFO o.a.j.t.JMeterThread: Thread finished: 100 Users 3-39
2025-12-02 07:25:16,357 INFO o.a.j.t.JMeterThread: Thread started: 100 Users 3-40
2025-12-02 07:25:16,374 INFO o.a.j.t.JMeterThread: Thread is done: 100 Users 3-40
2025-12-02 07:25:16,374 INFO o.a.j.t.JMeterThread: Thread finished: 100 Users 3-40
2025-12-02 07:25:16,431 INFO o.a.j.t.JMeterThread: Thread started: 20 Users 1-9
2025-12-02 07:25:16,441 INFO o.a.j.t.JMeterThread: Thread started: 50 Users 2-21
2025-12-02 07:25:16,449 INFO o.a.j.t.JMeterThread: Thread is done: 20 Users 1-9
2025-12-02 07:25:16,450 INFO o.a.j.t.JMeterThread: Thread finished: 20 Users 1-9
2025-12-02 07:25:16,457 INFO o.a.j.t.JMeterThread: Thread started: 100 Users 3-41
2025-12-02 07:25:16,459 INFO o.a.j.t.JMeterThread: Thread is done: 50 Users 2-21
2025-12-02 07:25:16,459 INFO o.a.j.t.JMeterThread: Thread finished: 50 Users 2-21
2025-12-02 07:25:16,473 INFO o.a.j.t.JMeterThread: Thread is done: 100 Users 3-41
2025-12-02 07:25:16,473 INFO o.a.j.t.JMeterThread: Thread finished: 100 Users 3-41
2025-12-02 07:25:16,557 INFO o.a.j.t.JMeterThread: Thread started: 100 Users 3-42
2025-12-02 07:25:16,573 INFO o.a.j.t.JMeterThread: Thread is done: 100 Users 3-42
2025-12-02 07:25:16,573 INFO o.a.j.t.JMeterThread: Thread finished: 100 Users 3-42
2025-12-02 07:25:16,642 INFO o.a.j.t.JMeterThread: Thread started: 50 Users 2-22
2025-12-02 07:25:16,657 INFO o.a.j.t.JMeterThread: Thread started: 100 Users 3-43
2025-12-02 07:25:16,657 INFO o.a.j.t.JMeterThread: Thread is done: 50 Users 2-22
2025-12-02 07:25:16,657 INFO o.a.j.t.JMeterThread: Thread finished: 50 Users 2-22
2025-12-02 07:25:16,672 INFO o.a.j.t.JMeterThread: Thread is done: 100 Users 3-43
2025-12-02 07:25:16,672 INFO o.a.j.t.JMeterThread: Thread finished: 100 Users 3-43
2025-12-02 07:25:16,757 INFO o.a.j.t.JMeterThread: Thread started: 100 Users 3-44
2025-12-02 07:25:16,774 INFO o.a.j.t.JMeterThread: Thread is done: 100 Users 3-44
2025-12-02 07:25:16,774 INFO o.a.j.t.JMeterThread: Thread finished: 100 Users 3-44
2025-12-02 07:25:16,842 INFO o.a.j.t.JMeterThread: Thread started: 50 Users 2-23
2025-12-02 07:25:16,858 INFO o.a.j.t.JMeterThread: Thread started: 100 Users 3-45
2025-12-02 07:25:16,859 INFO o.a.j.t.JMeterThread: Thread is done: 50 Users 2-23
2025-12-02 07:25:16,859 INFO o.a.j.t.JMeterThread: Thread finished: 50 Users 2-23
2025-12-02 07:25:16,875 INFO o.a.j.t.JMeterThread: Thread is done: 100 Users 3-45
2025-12-02 07:25:16,875 INFO o.a.j.t.JMeterThread: Thread finished: 100 Users 3-45
2025-12-02 07:25:16,931 INFO o.a.j.t.JMeterThread: Thread started: 20 Users 1-10
2025-12-02 07:25:16,945 INFO o.a.j.t.JMeterThread: Thread is done: 20 Users 1-10
2025-12-02 07:25:16,945 INFO o.a.j.t.JMeterThread: Thread finished: 20 Users 1-10
2025-12-02 07:25:16,958 INFO o.a.j.t.JMeterThread: Thread started: 100 Users 3-46
2025-12-02 07:25:16,974 INFO o.a.j.t.JMeterThread: Thread is done: 100 Users 3-46
2025-12-02 07:25:16,974 INFO o.a.j.t.JMeterThread: Thread finished: 100 Users 3-46
2025-12-02 07:25:17,042 INFO o.a.j.t.JMeterThread: Thread started: 50 Users 2-24
2025-12-02 07:25:17,057 INFO o.a.j.t.JMeterThread: Thread started: 100 Users 3-47
2025-12-02 07:25:17,059 INFO o.a.j.t.JMeterThread: Thread is done: 50 Users 2-24
2025-12-02 07:25:17,059 INFO o.a.j.t.JMeterThread: Thread finished: 50 Users 2-24
2025-12-02 07:25:17,074 INFO o.a.j.t.JMeterThread: Thread is done: 100 Users 3-47
2025-12-02 07:25:17,074 INFO o.a.j.t.JMeterThread: Thread finished: 100 Users 3-47
2025-12-02 07:25:17,157 INFO o.a.j.t.JMeterThread: Thread started: 100 Users 3-48
2025-12-02 07:25:17,172 INFO o.a.j.t.JMeterThread: Thread is done: 100 Users 3-48
2025-12-02 07:25:17,172 INFO o.a.j.t.JMeterThread: Thread finished: 100 Users 3-48
2025-12-02 07:25:17,242 INFO o.a.j.t.JMeterThread: Thread started: 50 Users 2-25
2025-12-02 07:25:17,256 INFO o.a.j.t.JMeterThread: Thread is done: 50 Users 2-25
2025-12-02 07:25:17,256 INFO o.a.j.t.JMeterThread: Thread finished: 50 Users 2-25
2025-12-02 07:25:17,259 INFO o.a.j.t.JMeterThread: Thread started: 100 Users 3-49
2025-12-02 07:25:17,271 INFO o.a.j.t.JMeterThread: Thread is done: 100 Users 3-49
2025-12-02 07:25:17,273 INFO o.a.j.t.JMeterThread: Thread finished: 100 Users 3-49
2025-12-02 07:25:17,358 INFO o.a.j.t.JMeterThread: Thread started: 100 Users 3-50
2025-12-02 07:25:17,374 INFO o.a.j.t.JMeterThread: Thread is done: 100 Users 3-50
2025-12-02 07:25:17,374 INFO o.a.j.t.JMeterThread: Thread finished: 100 Users 3-50
2025-12-02 07:25:17,432 INFO o.a.j.t.JMeterThread: Thread started: 20 Users 1-11
2025-12-02 07:25:17,442 INFO o.a.j.t.JMeterThread: Thread started: 50 Users 2-26
2025-12-02 07:25:17,448 INFO o.a.j.t.JMeterThread: Thread is done: 20 Users 1-11
2025-12-02 07:25:17,448 INFO o.a.j.t.JMeterThread: Thread finished: 20 Users 1-11
2025-12-02 07:25:17,457 INFO o.a.j.t.JMeterThread: Thread is done: 50 Users 2-26
2025-12-02 07:25:17,457 INFO o.a.j.t.JMeterThread: Thread finished: 50 Users 2-26
2025-12-02 07:25:17,458 INFO o.a.j.t.JMeterThread: Thread started: 100 Users 3-51
2025-12-02 07:25:17,474 INFO o.a.j.t.JMeterThread: Thread is done: 100 Users 3-51
2025-12-02 07:25:17,474 INFO o.a.j.t.JMeterThread: Thread finished: 100 Users 3-51
2025-12-02 07:25:17,556 INFO o.a.j.t.JMeterThread: Thread started: 100 Users 3-52
2025-12-02 07:25:17,572 INFO o.a.j.t.JMeterThread: Thread is done: 100 Users 3-52
2025-12-02 07:25:17,572 INFO o.a.j.t.JMeterThread: Thread finished: 100 Users 3-52
2025-12-02 07:25:17,642 INFO o.a.j.t.JMeterThread: Thread started: 50 Users 2-27
2025-12-02 07:25:17,657 INFO o.a.j.t.JMeterThread: Thread started: 100 Users 3-53
2025-12-02 07:25:17,658 INFO o.a.j.t.JMeterThread: Thread is done: 50 Users 2-27
2025-12-02 07:25:17,658 INFO o.a.j.t.JMeterThread: Thread finished: 50 Users 2-27
2025-12-02 07:25:17,671 INFO o.a.j.t.JMeterThread: Thread is done: 100 Users 3-53
2025-12-02 07:25:17,671 INFO o.a.j.t.JMeterThread: Thread finished: 100 Users 3-53
2025-12-02 07:25:17,756 INFO o.a.j.t.JMeterThread: Thread started: 100 Users 3-54
2025-12-02 07:25:17,772 INFO o.a.j.t.JMeterThread: Thread is done: 100 Users 3-54
2025-12-02 07:25:17,772 INFO o.a.j.t.JMeterThread: Thread finished: 100 Users 3-54
2025-12-02 07:25:17,842 INFO o.a.j.t.JMeterThread: Thread started: 50 Users 2-28
2025-12-02 07:25:17,857 INFO o.a.j.t.JMeterThread: Thread is done: 50 Users 2-28
2025-12-02 07:25:17,857 INFO o.a.j.t.JMeterThread: Thread finished: 50 Users 2-28
2025-12-02 07:25:17,858 INFO o.a.j.t.JMeterThread: Thread started: 100 Users 3-55
2025-12-02 07:25:17,874 INFO o.a.j.t.JMeterThread: Thread is done: 100 Users 3-55
2025-12-02 07:25:17,874 INFO o.a.j.t.JMeterThread: Thread finished: 100 Users 3-55
2025-12-02 07:25:17,931 INFO o.a.j.t.JMeterThread: Thread started: 20 Users 1-12
2025-12-02 07:25:17,949 INFO o.a.j.t.JMeterThread: Thread is done: 20 Users 1-12
2025-12-02 07:25:17,949 INFO o.a.j.t.JMeterThread: Thread finished: 20 Users 1-12
2025-12-02 07:25:17,957 INFO o.a.j.t.JMeterThread: Thread started: 100 Users 3-56
2025-12-02 07:25:17,973 INFO o.a.j.t.JMeterThread: Thread is done: 100 Users 3-56
2025-12-02 07:25:17,973 INFO o.a.j.t.JMeterThread: Thread finished: 100 Users 3-56
2025-12-02 07:25:18,041 INFO o.a.j.t.JMeterThread: Thread started: 50 Users 2-29
2025-12-02 07:25:18,056 INFO o.a.j.t.JMeterThread: Thread started: 100 Users 3-57
2025-12-02 07:25:18,056 INFO o.a.j.t.JMeterThread: Thread is done: 50 Users 2-29
2025-12-02 07:25:18,057 INFO o.a.j.t.JMeterThread: Thread finished: 50 Users 2-29
2025-12-02 07:25:18,068 INFO o.a.j.t.JMeterThread: Thread is done: 100 Users 3-57
2025-12-02 07:25:18,069 INFO o.a.j.t.JMeterThread: Thread finished: 100 Users 3-57
2025-12-02 07:25:18,156 INFO o.a.j.t.JMeterThread: Thread started: 100 Users 3-58
2025-12-02 07:25:18,170 INFO o.a.j.t.JMeterThread: Thread is done: 100 Users 3-58
2025-12-02 07:25:18,170 INFO o.a.j.t.JMeterThread: Thread finished: 100 Users 3-58
2025-12-02 07:25:18,242 INFO o.a.j.t.JMeterThread: Thread started: 50 Users 2-30
2025-12-02 07:25:18,257 INFO o.a.j.t.JMeterThread: Thread started: 100 Users 3-59
2025-12-02 07:25:18,258 INFO o.a.j.t.JMeterThread: Thread is done: 50 Users 2-30
2025-12-02 07:25:18,258 INFO o.a.j.t.JMeterThread: Thread finished: 50 Users 2-30
2025-12-02 07:25:18,270 INFO o.a.j.t.JMeterThread: Thread is done: 100 Users 3-59
2025-12-02 07:25:18,270 INFO o.a.j.t.JMeterThread: Thread finished: 100 Users 3-59
2025-12-02 07:25:18,357 INFO o.a.j.t.JMeterThread: Thread started: 100 Users 3-60
2025-12-02 07:25:18,372 INFO o.a.j.t.JMeterThread: Thread is done: 100 Users 3-60
2025-12-02 07:25:18,372 INFO o.a.j.t.JMeterThread: Thread finished: 100 Users 3-60
2025-12-02 07:25:18,431 INFO o.a.j.t.JMeterThread: Thread started: 20 Users 1-13
2025-12-02 07:25:18,443 INFO o.a.j.t.JMeterThread: Thread started: 50 Users 2-31
2025-12-02 07:25:18,449 INFO o.a.j.t.JMeterThread: Thread is done: 20 Users 1-13
2025-12-02 07:25:18,450 INFO o.a.j.t.JMeterThread: Thread finished: 20 Users 1-13
2025-12-02 07:25:18,456 INFO o.a.j.t.JMeterThread: Thread started: 100 Users 3-61
2025-12-02 07:25:18,460 INFO o.a.j.t.JMeterThread: Thread is done: 50 Users 2-31
2025-12-02 07:25:18,460 INFO o.a.j.t.JMeterThread: Thread finished: 50 Users 2-31
2025-12-02 07:25:18,469 INFO o.a.j.t.JMeterThread: Thread is done: 100 Users 3-61
2025-12-02 07:25:18,469 INFO o.a.j.t.JMeterThread: Thread finished: 100 Users 3-61
2025-12-02 07:25:18,557 INFO o.a.j.t.JMeterThread: Thread started: 100 Users 3-62
2025-12-02 07:25:18,571 INFO o.a.j.t.JMeterThread: Thread is done: 100 Users 3-62
2025-12-02 07:25:18,571 INFO o.a.j.t.JMeterThread: Thread finished: 100 Users 3-62
2025-12-02 07:25:18,642 INFO o.a.j.t.JMeterThread: Thread started: 50 Users 2-32
2025-12-02 07:25:18,658 INFO o.a.j.t.JMeterThread: Thread is done: 50 Users 2-32
2025-12-02 07:25:18,658 INFO o.a.j.t.JMeterThread: Thread started: 100 Users 3-63
2025-12-02 07:25:18,658 INFO o.a.j.t.JMeterThread: Thread finished: 50 Users 2-32
2025-12-02 07:25:18,672 INFO o.a.j.t.JMeterThread: Thread is done: 100 Users 3-63
2025-12-02 07:25:18,672 INFO o.a.j.t.JMeterThread: Thread finished: 100 Users 3-63
2025-12-02 07:25:18,756 INFO o.a.j.t.JMeterThread: Thread started: 100 Users 3-64
2025-12-02 07:25:18,771 INFO o.a.j.t.JMeterThread: Thread is done: 100 Users 3-64
2025-12-02 07:25:18,771 INFO o.a.j.t.JMeterThread: Thread finished: 100 Users 3-64
2025-12-02 07:25:18,842 INFO o.a.j.t.JMeterThread: Thread started: 50 Users 2-33
2025-12-02 07:25:18,857 INFO o.a.j.t.JMeterThread: Thread is done: 50 Users 2-33
2025-12-02 07:25:18,857 INFO o.a.j.t.JMeterThread: Thread finished: 50 Users 2-33
2025-12-02 07:25:18,858 INFO o.a.j.t.JMeterThread: Thread started: 100 Users 3-65
2025-12-02 07:25:18,871 INFO o.a.j.t.JMeterThread: Thread is done: 100 Users 3-65
2025-12-02 07:25:18,871 INFO o.a.j.t.JMeterThread: Thread finished: 100 Users 3-65
2025-12-02 07:25:18,932 INFO o.a.j.t.JMeterThread: Thread started: 20 Users 1-14
2025-12-02 07:25:18,947 INFO o.a.j.t.JMeterThread: Thread is done: 20 Users 1-14
2025-12-02 07:25:18,948 INFO o.a.j.t.JMeterThread: Thread finished: 20 Users 1-14
2025-12-02 07:25:18,956 INFO o.a.j.t.JMeterThread: Thread started: 100 Users 3-66
2025-12-02 07:25:18,971 INFO o.a.j.t.JMeterThread: Thread is done: 100 Users 3-66
2025-12-02 07:25:18,971 INFO o.a.j.t.JMeterThread: Thread finished: 100 Users 3-66
2025-12-02 07:25:19,043 INFO o.a.j.t.JMeterThread: Thread started: 50 Users 2-34
2025-12-02 07:25:19,057 INFO o.a.j.t.JMeterThread: Thread started: 100 Users 3-67
2025-12-02 07:25:19,063 INFO o.a.j.t.JMeterThread: Thread is done: 50 Users 2-34
2025-12-02 07:25:19,063 INFO o.a.j.t.JMeterThread: Thread finished: 50 Users 2-34
2025-12-02 07:25:19,076 INFO o.a.j.t.JMeterThread: Thread is done: 100 Users 3-67
2025-12-02 07:25:19,076 INFO o.a.j.t.JMeterThread: Thread finished: 100 Users 3-67
2025-12-02 07:25:19,158 INFO o.a.j.t.JMeterThread: Thread started: 100 Users 3-68
2025-12-02 07:25:19,173 INFO o.a.j.t.JMeterThread: Thread is done: 100 Users 3-68
2025-12-02 07:25:19,174 INFO o.a.j.t.JMeterThread: Thread finished: 100 Users 3-68
2025-12-02 07:25:19,243 INFO o.a.j.t.JMeterThread: Thread started: 50 Users 2-35
2025-12-02 07:25:19,257 INFO o.a.j.t.JMeterThread: Thread started: 100 Users 3-69
2025-12-02 07:25:19,260 INFO o.a.j.t.JMeterThread: Thread is done: 50 Users 2-35
2025-12-02 07:25:19,260 INFO o.a.j.t.JMeterThread: Thread finished: 50 Users 2-35
2025-12-02 07:25:19,273 INFO o.a.j.t.JMeterThread: Thread is done: 100 Users 3-69
2025-12-02 07:25:19,273 INFO o.a.j.t.JMeterThread: Thread finished: 100 Users 3-69
2025-12-02 07:25:19,358 INFO o.a.j.t.JMeterThread: Thread started: 100 Users 3-70
2025-12-02 07:25:19,372 INFO o.a.j.t.JMeterThread: Thread is done: 100 Users 3-70
2025-12-02 07:25:19,373 INFO o.a.j.t.JMeterThread: Thread finished: 100 Users 3-70
2025-12-02 07:25:19,431 INFO o.a.j.t.JMeterThread: Thread started: 20 Users 1-15
2025-12-02 07:25:19,442 INFO o.a.j.t.JMeterThread: Thread started: 50 Users 2-36
2025-12-02 07:25:19,446 INFO o.a.j.t.JMeterThread: Thread is done: 20 Users 1-15
2025-12-02 07:25:19,446 INFO o.a.j.t.JMeterThread: Thread finished: 20 Users 1-15
2025-12-02 07:25:19,456 INFO o.a.j.t.JMeterThread: Thread is done: 50 Users 2-36
2025-12-02 07:25:19,456 INFO o.a.j.t.JMeterThread: Thread finished: 50 Users 2-36
2025-12-02 07:25:19,458 INFO o.a.j.t.JMeterThread: Thread started: 100 Users 3-71
2025-12-02 07:25:19,472 INFO o.a.j.t.JMeterThread: Thread is done: 100 Users 3-71
2025-12-02 07:25:19,472 INFO o.a.j.t.JMeterThread: Thread finished: 100 Users 3-71
2025-12-02 07:25:19,559 INFO o.a.j.t.JMeterThread: Thread started: 100 Users 3-72
2025-12-02 07:25:19,573 INFO o.a.j.t.JMeterThread: Thread is done: 100 Users 3-72
2025-12-02 07:25:19,573 INFO o.a.j.t.JMeterThread: Thread finished: 100 Users 3-72
2025-12-02 07:25:19,641 INFO o.a.j.t.JMeterThread: Thread started: 50 Users 2-37
2025-12-02 07:25:19,656 INFO o.a.j.t.JMeterThread: Thread is done: 50 Users 2-37
2025-12-02 07:25:19,656 INFO o.a.j.t.JMeterThread: Thread finished: 50 Users 2-37
2025-12-02 07:25:19,658 INFO o.a.j.t.JMeterThread: Thread started: 100 Users 3-73
2025-12-02 07:25:19,673 INFO o.a.j.t.JMeterThread: Thread is done: 100 Users 3-73
2025-12-02 07:25:19,673 INFO o.a.j.t.JMeterThread: Thread finished: 100 Users 3-73
2025-12-02 07:25:19,759 INFO o.a.j.t.JMeterThread: Thread started: 100 Users 3-74
2025-12-02 07:25:19,773 INFO o.a.j.t.JMeterThread: Thread is done: 100 Users 3-74
2025-12-02 07:25:19,774 INFO o.a.j.t.JMeterThread: Thread finished: 100 Users 3-74
2025-12-02 07:25:19,842 INFO o.a.j.t.JMeterThread: Thread started: 50 Users 2-38
2025-12-02 07:25:19,857 INFO o.a.j.t.JMeterThread: Thread is done: 50 Users 2-38
2025-12-02 07:25:19,857 INFO o.a.j.t.JMeterThread: Thread finished: 50 Users 2-38
2025-12-02 07:25:19,859 INFO o.a.j.t.JMeterThread: Thread started: 100 Users 3-75
2025-12-02 07:25:19,871 INFO o.a.j.t.JMeterThread: Thread is done: 100 Users 3-75
2025-12-02 07:25:19,871 INFO o.a.j.t.JMeterThread: Thread finished: 100 Users 3-75
2025-12-02 07:25:19,930 INFO o.a.j.t.JMeterThread: Thread started: 20 Users 1-16
2025-12-02 07:25:19,946 INFO o.a.j.t.JMeterThread: Thread is done: 20 Users 1-16
2025-12-02 07:25:19,946 INFO o.a.j.t.JMeterThread: Thread finished: 20 Users 1-16
2025-12-02 07:25:19,957 INFO o.a.j.t.JMeterThread: Thread started: 100 Users 3-76
2025-12-02 07:25:19,970 INFO o.a.j.t.JMeterThread: Thread is done: 100 Users 3-76
2025-12-02 07:25:19,971 INFO o.a.j.t.JMeterThread: Thread finished: 100 Users 3-76
2025-12-02 07:25:20,041 INFO o.a.j.t.JMeterThread: Thread started: 50 Users 2-39
2025-12-02 07:25:20,057 INFO o.a.j.t.JMeterThread: Thread started: 100 Users 3-77
2025-12-02 07:25:20,057 INFO o.a.j.t.JMeterThread: Thread is done: 50 Users 2-39
2025-12-02 07:25:20,057 INFO o.a.j.t.JMeterThread: Thread finished: 50 Users 2-39
2025-12-02 07:25:20,071 INFO o.a.j.t.JMeterThread: Thread is done: 100 Users 3-77
2025-12-02 07:25:20,071 INFO o.a.j.t.JMeterThread: Thread finished: 100 Users 3-77
2025-12-02 07:25:20,157 INFO o.a.j.t.JMeterThread: Thread started: 100 Users 3-78
2025-12-02 07:25:20,170 INFO o.a.j.t.JMeterThread: Thread is done: 100 Users 3-78
2025-12-02 07:25:20,170 INFO o.a.j.t.JMeterThread: Thread finished: 100 Users 3-78
2025-12-02 07:25:20,242 INFO o.a.j.t.JMeterThread: Thread started: 50 Users 2-40
2025-12-02 07:25:20,258 INFO o.a.j.t.JMeterThread: Thread started: 100 Users 3-79
2025-12-02 07:25:20,259 INFO o.a.j.t.JMeterThread: Thread is done: 50 Users 2-40
2025-12-02 07:25:20,259 INFO o.a.j.t.JMeterThread: Thread finished: 50 Users 2-40
2025-12-02 07:25:20,271 INFO o.a.j.t.JMeterThread: Thread is done: 100 Users 3-79
2025-12-02 07:25:20,271 INFO o.a.j.t.JMeterThread: Thread finished: 100 Users 3-79
2025-12-02 07:25:20,357 INFO o.a.j.t.JMeterThread: Thread started: 100 Users 3-80
2025-12-02 07:25:20,371 INFO o.a.j.t.JMeterThread: Thread is done: 100 Users 3-80
2025-12-02 07:25:20,371 INFO o.a.j.t.JMeterThread: Thread finished: 100 Users 3-80
2025-12-02 07:25:20,431 INFO o.a.j.t.JMeterThread: Thread started: 20 Users 1-17
2025-12-02 07:25:20,442 INFO o.a.j.t.JMeterThread: Thread started: 50 Users 2-41
2025-12-02 07:25:20,445 INFO o.a.j.t.JMeterThread: Thread is done: 20 Users 1-17
2025-12-02 07:25:20,445 INFO o.a.j.t.JMeterThread: Thread finished: 20 Users 1-17
2025-12-02 07:25:20,455 INFO o.a.j.t.JMeterThread: Thread is done: 50 Users 2-41
2025-12-02 07:25:20,455 INFO o.a.j.t.JMeterThread: Thread finished: 50 Users 2-41
2025-12-02 07:25:20,456 INFO o.a.j.t.JMeterThread: Thread started: 100 Users 3-81
2025-12-02 07:25:20,468 INFO o.a.j.t.JMeterThread: Thread is done: 100 Users 3-81
2025-12-02 07:25:20,468 INFO o.a.j.t.JMeterThread: Thread finished: 100 Users 3-81
2025-12-02 07:25:20,558 INFO o.a.j.t.JMeterThread: Thread started: 100 Users 3-82
2025-12-02 07:25:20,573 INFO o.a.j.t.JMeterThread: Thread is done: 100 Users 3-82
2025-12-02 07:25:20,573 INFO o.a.j.t.JMeterThread: Thread finished: 100 Users 3-82
2025-12-02 07:25:20,642 INFO o.a.j.t.JMeterThread: Thread started: 50 Users 2-42
2025-12-02 07:25:20,657 INFO o.a.j.t.JMeterThread: Thread started: 100 Users 3-83
2025-12-02 07:25:20,658 INFO o.a.j.t.JMeterThread: Thread is done: 50 Users 2-42
2025-12-02 07:25:20,658 INFO o.a.j.t.JMeterThread: Thread finished: 50 Users 2-42
2025-12-02 07:25:20,671 INFO o.a.j.t.JMeterThread: Thread is done: 100 Users 3-83
2025-12-02 07:25:20,671 INFO o.a.j.t.JMeterThread: Thread finished: 100 Users 3-83
2025-12-02 07:25:20,757 INFO o.a.j.t.JMeterThread: Thread started: 100 Users 3-84
2025-12-02 07:25:20,772 INFO o.a.j.t.JMeterThread: Thread is done: 100 Users 3-84
2025-12-02 07:25:20,772 INFO o.a.j.t.JMeterThread: Thread finished: 100 Users 3-84
2025-12-02 07:25:20,843 INFO o.a.j.t.JMeterThread: Thread started: 50 Users 2-43
2025-12-02 07:25:20,858 INFO o.a.j.t.JMeterThread: Thread started: 100 Users 3-85
2025-12-02 07:25:20,858 INFO o.a.j.t.JMeterThread: Thread is done: 50 Users 2-43
2025-12-02 07:25:20,858 INFO o.a.j.t.JMeterThread: Thread finished: 50 Users 2-43
2025-12-02 07:25:20,870 INFO o.a.j.t.JMeterThread: Thread is done: 100 Users 3-85
2025-12-02 07:25:20,870 INFO o.a.j.t.JMeterThread: Thread finished: 100 Users 3-85
2025-12-02 07:25:20,933 INFO o.a.j.t.JMeterThread: Thread started: 20 Users 1-18
2025-12-02 07:25:20,947 INFO o.a.j.t.JMeterThread: Thread is done: 20 Users 1-18
2025-12-02 07:25:20,947 INFO o.a.j.t.JMeterThread: Thread finished: 20 Users 1-18
2025-12-02 07:25:20,958 INFO o.a.j.t.JMeterThread: Thread started: 100 Users 3-86
2025-12-02 07:25:20,972 INFO o.a.j.t.JMeterThread: Thread is done: 100 Users 3-86
2025-12-02 07:25:20,972 INFO o.a.j.t.JMeterThread: Thread finished: 100 Users 3-86
2025-12-02 07:25:21,042 INFO o.a.j.t.JMeterThread: Thread started: 50 Users 2-44
2025-12-02 07:25:21,057 INFO o.a.j.t.JMeterThread: Thread is done: 50 Users 2-44
2025-12-02 07:25:21,057 INFO o.a.j.t.JMeterThread: Thread started: 100 Users 3-87
2025-12-02 07:25:21,057 INFO o.a.j.t.JMeterThread: Thread finished: 50 Users 2-44
2025-12-02 07:25:21,069 INFO o.a.j.t.JMeterThread: Thread is done: 100 Users 3-87
2025-12-02 07:25:21,069 INFO o.a.j.t.JMeterThread: Thread finished: 100 Users 3-87
2025-12-02 07:25:21,157 INFO o.a.j.t.JMeterThread: Thread started: 100 Users 3-88
2025-12-02 07:25:21,171 INFO o.a.j.t.JMeterThread: Thread is done: 100 Users 3-88
2025-12-02 07:25:21,171 INFO o.a.j.t.JMeterThread: Thread finished: 100 Users 3-88
2025-12-02 07:25:21,242 INFO o.a.j.t.JMeterThread: Thread started: 50 Users 2-45
2025-12-02 07:25:21,257 INFO o.a.j.t.JMeterThread: Thread started: 100 Users 3-89
2025-12-02 07:25:21,261 INFO o.a.j.t.JMeterThread: Thread is done: 50 Users 2-45
2025-12-02 07:25:21,261 INFO o.a.j.t.JMeterThread: Thread finished: 50 Users 2-45
2025-12-02 07:25:21,270 INFO o.a.j.t.JMeterThread: Thread is done: 100 Users 3-89
2025-12-02 07:25:21,270 INFO o.a.j.t.JMeterThread: Thread finished: 100 Users 3-89
2025-12-02 07:25:21,357 INFO o.a.j.t.JMeterThread: Thread started: 100 Users 3-90
2025-12-02 07:25:21,371 INFO o.a.j.t.JMeterThread: Thread is done: 100 Users 3-90
2025-12-02 07:25:21,372 INFO o.a.j.t.JMeterThread: Thread finished: 100 Users 3-90
2025-12-02 07:25:21,431 INFO o.a.j.t.JMeterThread: Thread started: 20 Users 1-19
2025-12-02 07:25:21,442 INFO o.a.j.t.JMeterThread: Thread started: 50 Users 2-46
2025-12-02 07:25:21,445 INFO o.a.j.t.JMeterThread: Thread is done: 20 Users 1-19
2025-12-02 07:25:21,445 INFO o.a.j.t.JMeterThread: Thread finished: 20 Users 1-19
2025-12-02 07:25:21,457 INFO o.a.j.t.JMeterThread: Thread started: 100 Users 3-91
2025-12-02 07:25:21,457 INFO o.a.j.t.JMeterThread: Thread is done: 50 Users 2-46
2025-12-02 07:25:21,457 INFO o.a.j.t.JMeterThread: Thread finished: 50 Users 2-46
2025-12-02 07:25:21,471 INFO o.a.j.t.JMeterThread: Thread is done: 100 Users 3-91
2025-12-02 07:25:21,471 INFO o.a.j.t.JMeterThread: Thread finished: 100 Users 3-91
2025-12-02 07:25:21,556 INFO o.a.j.t.JMeterThread: Thread started: 100 Users 3-92
2025-12-02 07:25:21,571 INFO o.a.j.t.JMeterThread: Thread is done: 100 Users 3-92
2025-12-02 07:25:21,571 INFO o.a.j.t.JMeterThread: Thread finished: 100 Users 3-92
2025-12-02 07:25:21,642 INFO o.a.j.t.JMeterThread: Thread started: 50 Users 2-47
2025-12-02 07:25:21,655 INFO o.a.j.t.JMeterThread: Thread is done: 50 Users 2-47
2025-12-02 07:25:21,655 INFO o.a.j.t.JMeterThread: Thread finished: 50 Users 2-47
2025-12-02 07:25:21,656 INFO o.a.j.t.JMeterThread: Thread started: 100 Users 3-93
2025-12-02 07:25:21,670 INFO o.a.j.t.JMeterThread: Thread is done: 100 Users 3-93
2025-12-02 07:25:21,670 INFO o.a.j.t.JMeterThread: Thread finished: 100 Users 3-93
2025-12-02 07:25:21,757 INFO o.a.j.t.JMeterThread: Thread started: 100 Users 3-94
2025-12-02 07:25:21,771 INFO o.a.j.t.JMeterThread: Thread is done: 100 Users 3-94
2025-12-02 07:25:21,771 INFO o.a.j.t.JMeterThread: Thread finished: 100 Users 3-94
2025-12-02 07:25:21,841 INFO o.a.j.t.JMeterThread: Thread started: 50 Users 2-48
2025-12-02 07:25:21,858 INFO o.a.j.t.JMeterThread: Thread started: 100 Users 3-95
2025-12-02 07:25:21,858 INFO o.a.j.t.JMeterThread: Thread is done: 50 Users 2-48
2025-12-02 07:25:21,858 INFO o.a.j.t.JMeterThread: Thread finished: 50 Users 2-48
2025-12-02 07:25:21,869 INFO o.a.j.t.JMeterThread: Thread is done: 100 Users 3-95
2025-12-02 07:25:21,870 INFO o.a.j.t.JMeterThread: Thread finished: 100 Users 3-95
2025-12-02 07:25:21,931 INFO o.a.j.t.JMeterThread: Thread started: 20 Users 1-20
2025-12-02 07:25:21,945 INFO o.a.j.t.JMeterThread: Thread is done: 20 Users 1-20
2025-12-02 07:25:21,945 INFO o.a.j.t.JMeterThread: Thread finished: 20 Users 1-20
2025-12-02 07:25:21,957 INFO o.a.j.t.JMeterThread: Thread started: 100 Users 3-96
2025-12-02 07:25:21,971 INFO o.a.j.t.JMeterThread: Thread is done: 100 Users 3-96
2025-12-02 07:25:21,971 INFO o.a.j.t.JMeterThread: Thread finished: 100 Users 3-96
2025-12-02 07:25:22,041 INFO o.a.j.t.JMeterThread: Thread started: 50 Users 2-49
2025-12-02 07:25:22,056 INFO o.a.j.t.JMeterThread: Thread is done: 50 Users 2-49
2025-12-02 07:25:22,056 INFO o.a.j.t.JMeterThread: Thread finished: 50 Users 2-49
2025-12-02 07:25:22,057 INFO o.a.j.t.JMeterThread: Thread started: 100 Users 3-97
2025-12-02 07:25:22,069 INFO o.a.j.t.JMeterThread: Thread is done: 100 Users 3-97
2025-12-02 07:25:22,069 INFO o.a.j.t.JMeterThread: Thread finished: 100 Users 3-97
2025-12-02 07:25:22,157 INFO o.a.j.t.JMeterThread: Thread started: 100 Users 3-98
2025-12-02 07:25:22,170 INFO o.a.j.t.JMeterThread: Thread is done: 100 Users 3-98
2025-12-02 07:25:22,170 INFO o.a.j.t.JMeterThread: Thread finished: 100 Users 3-98
2025-12-02 07:25:22,243 INFO o.a.j.t.JMeterThread: Thread started: 50 Users 2-50
2025-12-02 07:25:22,258 INFO o.a.j.t.JMeterThread: Thread started: 100 Users 3-99
2025-12-02 07:25:22,258 INFO o.a.j.t.JMeterThread: Thread is done: 50 Users 2-50
2025-12-02 07:25:22,258 INFO o.a.j.t.JMeterThread: Thread finished: 50 Users 2-50
2025-12-02 07:25:22,271 INFO o.a.j.t.JMeterThread: Thread is done: 100 Users 3-99
2025-12-02 07:25:22,271 INFO o.a.j.t.JMeterThread: Thread finished: 100 Users 3-99
2025-12-02 07:25:22,358 INFO o.a.j.t.JMeterThread: Thread started: 100 Users 3-100
2025-12-02 07:25:22,373 INFO o.a.j.t.JMeterThread: Thread is done: 100 Users 3-100
2025-12-02 07:25:22,373 INFO o.a.j.t.JMeterThread: Thread finished: 100 Users 3-100
2025-12-02 07:25:22,374 INFO o.a.j.e.StandardJMeterEngine: Notifying test listeners of end of test
2025-12-02 07:25:22,374 INFO o.a.j.r.Summariser: summary =    510 in 00:00:10 =   51.2/s Avg:     4 Min:     2 Max:    32 Err:     0 (0.00%)
2025-12-02 07:25:22,375 INFO o.a.j.JMeter: Generating Dashboard
2025-12-02 07:25:22,375 INFO o.a.j.r.d.ReportGenerator: Flushing result collector before report Generation
2025-12-02 07:25:22,394 INFO o.a.j.r.p.NormalizerSampleConsumer: Using format, 'ms', to parse timeStamp field
2025-12-02 07:25:22,508 INFO o.a.j.r.p.AbstractSampleConsumer: class org.apache.jmeter.report.processor.AggregateConsumer#stopProducing(): beginDate produced 0 samples
2025-12-02 07:25:22,508 INFO o.a.j.r.p.AbstractSampleConsumer: class org.apache.jmeter.report.processor.AggregateConsumer#stopProducing(): endDate produced 0 samples
2025-12-02 07:25:22,510 INFO o.a.j.r.p.AbstractSampleConsumer: class org.apache.jmeter.report.processor.ApdexSummaryConsumer#stopProducing(): apdexSummary produced 0 samples
2025-12-02 07:25:22,510 INFO o.a.j.r.p.AbstractSampleConsumer: class org.apache.jmeter.report.processor.RequestsSummaryConsumer#stopProducing(): requestsSummary produced 0 samples
2025-12-02 07:25:22,515 INFO o.a.j.r.p.AbstractSampleConsumer: class org.apache.jmeter.report.processor.StatisticsSummaryConsumer#stopProducing(): statisticsSummary produced 0 samples
2025-12-02 07:25:22,516 INFO o.a.j.r.p.AbstractSampleConsumer: class org.apache.jmeter.report.processor.Top5ErrorsBySamplerConsumer#stopProducing(): top5ErrorsBySampler produced 0 samples
2025-12-02 07:25:22,516 INFO o.a.j.r.p.AbstractSampleConsumer: class org.apache.jmeter.report.processor.ErrorsSummaryConsumer#stopProducing(): errorsSummary produced 0 samples
2025-12-02 07:25:22,516 INFO o.a.j.r.p.AbstractSampleConsumer: class org.apache.jmeter.report.processor.graph.impl.HitsPerSecondGraphConsumer#stopProducing(): hitsPerSecond produced 0 samples
2025-12-02 07:25:22,538 INFO o.a.j.r.p.AbstractSampleConsumer: class org.apache.jmeter.report.processor.graph.impl.LatencyVSRequestGraphConsumer#stopProducing(): latencyVsRequest produced 0 samples
2025-12-02 07:25:22,538 INFO o.a.j.r.p.AbstractSampleConsumer: class org.apache.jmeter.report.processor.graph.impl.SyntheticResponseTimeDistributionGraphConsumer#stopProducing(): syntheticResponseTimeDistribution produced 0 samples
2025-12-02 07:25:22,538 INFO o.a.j.r.p.AbstractSampleConsumer: class org.apache.jmeter.report.processor.graph.impl.BytesThroughputGraphConsumer#stopProducing(): bytesThroughputOverTime produced 0 samples
2025-12-02 07:25:22,538 INFO o.a.j.r.p.AbstractSampleConsumer: class org.apache.jmeter.report.processor.graph.impl.CodesPerSecondGraphConsumer#stopProducing(): codesPerSecond produced 0 samples
2025-12-02 07:25:22,546 INFO o.a.j.r.p.AbstractSampleConsumer: class org.apache.jmeter.report.processor.graph.impl.ResponseTimeVSRequestGraphConsumer#stopProducing(): responseTimeVsRequest produced 0 samples
2025-12-02 07:25:22,547 INFO o.a.j.r.p.AbstractSampleConsumer: class org.apache.jmeter.report.processor.FilterConsumer#stopProducing(): startIntervalControlerFilter produced 3570 samples
2025-12-02 07:25:22,547 INFO o.a.j.r.p.AbstractSampleConsumer: class org.apache.jmeter.report.processor.graph.impl.TotalTPSGraphConsumer#stopProducing(): totalTPS produced 0 samples
2025-12-02 07:25:22,547 INFO o.a.j.r.p.AbstractSampleConsumer: class org.apache.jmeter.report.processor.graph.impl.ActiveThreadsGraphConsumer#stopProducing(): activeThreadsOverTime produced 0 samples
2025-12-02 07:25:22,547 INFO o.a.j.r.p.AbstractSampleConsumer: class org.apache.jmeter.report.processor.graph.impl.TimeVSThreadGraphConsumer#stopProducing(): timeVsThreads produced 0 samples
2025-12-02 07:25:22,547 INFO o.a.j.r.p.AbstractSampleConsumer: class org.apache.jmeter.report.processor.graph.impl.ResponseTimeDistributionGraphConsumer#stopProducing(): responseTimeDistribution produced 0 samples
2025-12-02 07:25:22,547 INFO o.a.j.r.p.AbstractSampleConsumer: class org.apache.jmeter.report.processor.graph.impl.TransactionsPerSecondGraphConsumer#stopProducing(): transactionsPerSecond produced 0 samples
2025-12-02 07:25:22,547 INFO o.a.j.r.p.AbstractSampleConsumer: class org.apache.jmeter.report.processor.graph.impl.ResponseTimePercentilesGraphConsumer#stopProducing(): responseTimePercentiles produced 0 samples
2025-12-02 07:25:22,548 INFO o.a.j.r.p.AbstractSampleConsumer: class org.apache.jmeter.report.processor.graph.impl.ResponseTimePercentilesOverTimeGraphConsumer#stopProducing(): responseTimePercentilesOverTime produced 0 samples
2025-12-02 07:25:22,548 INFO o.a.j.r.p.AbstractSampleConsumer: class org.apache.jmeter.report.processor.graph.impl.ResponseTimeOverTimeGraphConsumer#stopProducing(): responseTimesOverTime produced 0 samples
2025-12-02 07:25:22,548 INFO o.a.j.r.p.AbstractSampleConsumer: class org.apache.jmeter.report.processor.graph.impl.ConnectTimeOverTimeGraphConsumer#stopProducing(): connectTimeOverTime produced 0 samples
2025-12-02 07:25:22,548 INFO o.a.j.r.p.AbstractSampleConsumer: class org.apache.jmeter.report.processor.graph.impl.LatencyOverTimeGraphConsumer#stopProducing(): latenciesOverTime produced 0 samples
2025-12-02 07:25:22,548 INFO o.a.j.r.p.AbstractSampleConsumer: class org.apache.jmeter.report.processor.FilterConsumer#stopProducing(): nameFilter produced 7650 samples
2025-12-02 07:25:22,548 INFO o.a.j.r.p.AbstractSampleConsumer: class org.apache.jmeter.report.processor.FilterConsumer#stopProducing(): dateRangeFilter produced 1530 samples
2025-12-02 07:25:22,548 INFO o.a.j.r.p.AbstractSampleConsumer: class org.apache.jmeter.report.processor.NormalizerSampleConsumer#stopProducing(): normalizer produced 510 samples
2025-12-02 07:25:22,549 INFO o.a.j.r.p.CsvFileSampleSource: produce(): 510 samples produced in 137ms on channel 0
2025-12-02 07:25:22,549 INFO o.a.j.r.d.ReportGenerator: Exporting data using exporter:'json' of className:'org.apache.jmeter.report.dashboard.JsonExporter'
2025-12-02 07:25:22,616 INFO o.a.j.r.d.JsonExporter: Found data for consumer statisticsSummaryin context
2025-12-02 07:25:22,617 INFO o.a.j.r.d.JsonExporter: Creating statistics for overall
2025-12-02 07:25:22,617 INFO o.a.j.r.d.JsonExporter: Creating statistics for other transactions
2025-12-02 07:25:22,617 INFO o.a.j.r.d.JsonExporter: Checking output folder
2025-12-02 07:25:22,618 INFO o.a.j.r.d.JsonExporter: Writing statistics JSON to C:\Users\Hp\Downloads\report100\statistics.json
2025-12-02 07:25:22,657 INFO o.a.j.r.d.ReportGenerator: Exporting data using exporter:'html' of className:'org.apache.jmeter.report.dashboard.HtmlTemplateExporter'
2025-12-02 07:25:22,660 INFO o.a.j.r.d.HtmlTemplateExporter: Will generate dashboard in folder: C:\Users\Hp\Downloads\report100
2025-12-02 07:25:22,765 INFO o.a.j.r.d.HtmlTemplateExporter: Report will be generated in: C:\Users\Hp\Downloads\report100, creating folder structure
2025-12-02 07:25:22,767 INFO o.a.j.r.d.TemplateVisitor: Copying folder from 'C:\Tools\apache-jmeter-5.6.3\apache-jmeter-5.6.3\bin\report-template' to 'C:\Users\Hp\Downloads\report100', got message: C:\Users\Hp\Downloads\report100, found non empty folder with following content [C:\Users\Hp\Downloads\report100\statistics.json], will be ignored
2025-12-02 07:25:23,073 INFO o.a.j.JMeter: Dashboard generated
